WdgMtb: ACCESS Conic@ROUND is AVAILABLE (CB)
WdgMtb: ACCESS Conic@ROUND is AVAILABLE (CB)
WdgMtb: ACCESS Conic@ROUND is AVAILABLE (CB)
WdgMtb: ACCESS Conic@ROUND is AVAILABLE (CB)
WdgMtb: ACCESS roundflip@ROUND is unavailable (CB)
WdgMtb: ACCESS AddRadius@Dr0@ROUND is AVAILABLE (CB)
WdgMtb: ACCESS DelRadius@Dr0@ROUND is invisible (UI)
WdgMtb: ACCESS Conic@ROUND is AVAILABLE (CB)
WdgMtb: ACCESS roundflip@ROUND is unavailable (CB)
WdgMtb: ACCESS AddRadius@Dr0@ROUND is AVAILABLE (CB)
WdgMtb: ACCESS DelRadius@Dr0@ROUND is invisible (UI)
WdgMtb: ACCESS Conic@ROUND is AVAILABLE (CB)
WdgMtb: ACCESS roundflip@ROUND is unavailable (CB)
WdgMtb: ACCESS AddRadius@Dr0@ROUND is AVAILABLE (CB)
WdgMtb: ACCESS DelRadius@Dr0@ROUND is invisible (UI)
WdgMtb: ACCESS Conic@ROUND is AVAILABLE (CB)
WdgMtb: ACCESS roundflip@ROUND is unavailable (CB)
WdgMtb: ACCESS AddRadius@Dr0@ROUND is AVAILABLE (CB)
WdgMtb: ACCESS DelRadius@Dr0@ROUND is invisible (UI)
WdgMtb: ACCESS Conic@ROUND is AVAILABLE (CB)
WdgMtb: ACCESS roundflip@ROUND is unavailable (CB)
WdgMtb: ACCESS AddRadius@Dr0@ROUND is AVAILABLE (CB)
WdgMtb: ACCESS DelRadius@Dr0@ROUND is invisible (UI)
WdgMtb: ACCESS Conic@ROUND is AVAILABLE (CB)
WdgMtb: ACCESS roundflip@ROUND is unavailable (CB)
WdgMtb: ACCESS AddRadius@Dr0@ROUND is AVAILABLE (CB)
WdgMtb: ACCESS DelRadius@Dr0@ROUND is invisible (UI)
WdgMtb: ACCESS Conic@ROUND is AVAILABLE (CB)
WdgMtb: ACCESS roundflip@ROUND is unavailable (CB)
WdgMtb: ACCESS AddRadius@Dr0@ROUND is AVAILABLE (CB)
WdgMtb: ACCESS DelRadius@Dr0@ROUND is invisible (UI)
WdgMtb: ACCESS Conic@ROUND is AVAILABLE (CB)
WdgMtb: ACCESS Conic@ROUND is AVAILABLE (CB)
WdgMtb: ACCESS Conic@ROUND is AVAILABLE (CB)
WdgMtb: ACCESS Conic@ROUND is AVAILABLE (CB)
WdgMtb: ACCESS roundflip@ROUND is unavailable (CB)
WdgMtb: ACCESS AddRadius@Dr0@ROUND is AVAILABLE (CB)
WdgMtb: ACCESS DelRadius@Dr0@ROUND is invisible (UI)
WdgMtb: ACCESS Conic@ROUND is AVAILABLE (CB)
WdgMtb: ACCESS roundflip@ROUND is unavailable (CB)
WdgMtb: ACCESS AddRadius@Dr0@ROUND is AVAILABLE (CB)
WdgMtb: ACCESS DelRadius@Dr0@ROUND is invisible (UI)
WdgMtb: ACCESS Conic@ROUND is AVAILABLE (CB)
WdgMtb: ACCESS roundflip@ROUND is unavailable (CB)
WdgMtb: ACCESS AddRadius@Dr0@ROUND is AVAILABLE (CB)
WdgMtb: ACCESS DelRadius@Dr0@ROUND is invisible (UI)
WdgMtb: ACCESS Conic@ROUND is AVAILABLE (CB)
WdgMtb: ACCESS Conic@ROUND is AVAILABLE (CB)
WdgMtb: ACCESS roundflip@ROUND is unavailable (CB)
WdgMtb: ACCESS AddRadius@Dr0@ROUND is AVAILABLE (CB)
WdgMtb: ACCESS DelRadius@Dr0@ROUND is invisible (UI)
WdgMtb: ACCESS Conic@ROUND is AVAILABLE (CB)
WdgMtb: ACCESS roundflip@ROUND is unavailable (CB)
WdgMtb: ACCESS AddRadius@Dr0@ROUND is AVAILABLE (CB)
WdgMtb: ACCESS DelRadius@Dr0@ROUND is invisible (UI)
WdgMtb: ACCESS Conic@ROUND is AVAILABLE (CB)
WdgMtb: ACCESS roundflip@ROUND is unavailable (CB)
WdgMtb: ACCESS AddRadius@Dr0@ROUND is AVAILABLE (CB)
WdgMtb: ACCESS DelRadius@Dr0@ROUND is invisible (UI)
WdgMtb: ACCESS Conic@ROUND is AVAILABLE (CB)
WdgMtb: ACCESS roundflip@ROUND is unavailable (CB)
WdgMtb: ACCESS AddRadius@Dr0@ROUND is AVAILABLE (CB)
WdgMtb: ACCESS DelRadius@Dr0@ROUND is invisible (UI)
WdgMtb: ACCESS Conic@ROUND is AVAILABLE (CB)
WdgMtb: ACCESS roundflip@ROUND is unavailable (CB)
WdgMtb: ACCESS AddRadius@Dr0@ROUND is AVAILABLE (CB)
WdgMtb: ACCESS DelRadius@Dr0@ROUND is invisible (UI)
WdgMtb: ACCESS Conic@ROUND is AVAILABLE (CB)
WdgMtb: ACCESS roundflip@ROUND is unavailable (CB)
WdgMtb: ACCESS AddRadius@Dr0@ROUND is AVAILABLE (CB)
WdgMtb: ACCESS DelRadius@Dr0@ROUND is invisible (UI)
WdgMtb: ACCESS Conic@ROUND is AVAILABLE (CB)
WdgMtb: ACCESS Conic@ROUND is AVAILABLE (CB)
WdgMtb: ACCESS Conic@ROUND is AVAILABLE (CB)
WdgMtb: ACCESS Conic@ROUND is AVAILABLE (CB)
WdgMtb: ACCESS roundflip@ROUND is unavailable (CB)
WdgMtb: ACCESS AddRadius@Dr0@ROUND is AVAILABLE (CB)
WdgMtb: ACCESS DelRadius@Dr0@ROUND is invisible (UI)
WdgMtb: ACCESS Conic@ROUND is AVAILABLE (CB)
WdgMtb: ACCESS roundflip@ROUND is unavailable (CB)
WdgMtb: ACCESS AddRadius@Dr0@ROUND is AVAILABLE (CB)
WdgMtb: ACCESS DelRadius@Dr0@ROUND is invisible (UI)
WdgMtb: ACCESS Conic@ROUND is AVAILABLE (CB)
WdgMtb: ACCESS roundflip@ROUND is unavailable (CB)
WdgMtb: ACCESS AddRadius@Dr0@ROUND is AVAILABLE (CB)
WdgMtb: ACCESS DelRadius@Dr0@ROUND is invisible (UI)
WdgMtb: ACCESS Conic@ROUND is AVAILABLE (CB)
WdgMtb: ACCESS Conic@ROUND is AVAILABLE (CB)
WdgMtb: ACCESS Conic@ROUND is AVAILABLE (CB)
WdgMtb: ACCESS Conic@ROUND is AVAILABLE (CB)
WdgMtb: ACCESS roundflip@ROUND is unavailable (CB)
WdgMtb: ACCESS AddRadius@Dr0@ROUND is AVAILABLE (CB)
WdgMtb: ACCESS DelRadius@Dr0@ROUND is invisible (UI)
WdgMtb: ACCESS Conic@ROUND is AVAILABLE (CB)
WdgMtb: ACCESS roundflip@ROUND is unavailable (CB)
WdgMtb: ACCESS AddRadius@Dr0@ROUND is AVAILABLE (CB)
WdgMtb: ACCESS DelRadius@Dr0@ROUND is invisible (UI)
WdgMtb: ACCESS Conic@ROUND is AVAILABLE (CB)
WdgMtb: ACCESS roundflip@ROUND is unavailable (CB)
WdgMtb: ACCESS AddRadius@Dr0@ROUND is AVAILABLE (CB)
WdgMtb: ACCESS DelRadius@Dr0@ROUND is invisible (UI)
WdgMtb: ACCESS Conic@ROUND is AVAILABLE (CB)
WdgMtb: ACCESS Conic@ROUND is AVAILABLE (CB)
WdgMtb: ACCESS roundflip@ROUND is unavailable (CB)
WdgMtb: ACCESS AddRadius@Dr0@ROUND is AVAILABLE (CB)
WdgMtb: ACCESS DelRadius@Dr0@ROUND is invisible (UI)
WdgMtb: ACCESS Conic@ROUND is AVAILABLE (CB)
WdgMtb: ACCESS roundflip@ROUND is unavailable (CB)
WdgMtb: ACCESS AddRadius@Dr0@ROUND is AVAILABLE (CB)
WdgMtb: ACCESS DelRadius@Dr0@ROUND is invisible (UI)
WdgMtb: ACCESS Conic@ROUND is AVAILABLE (CB)
WdgMtb: ACCESS roundflip@ROUND is unavailable (CB)
WdgMtb: ACCESS AddRadius@Dr0@ROUND is AVAILABLE (CB)
WdgMtb: ACCESS DelRadius@Dr0@ROUND is invisible (UI)
WdgMtb: ACCESS Conic@ROUND is AVAILABLE (CB)
WdgMtb: ACCESS roundflip@ROUND is unavailable (CB)
WdgMtb: ACCESS AddRadius@Dr0@ROUND is AVAILABLE (CB)
WdgMtb: ACCESS DelRadius@Dr0@ROUND is invisible (UI)
WdgMtb: ACCESS Conic@ROUND is AVAILABLE (CB)
WdgMtb: ACCESS roundflip@ROUND is unavailable (CB)
WdgMtb: ACCESS AddRadius@Dr0@ROUND is AVAILABLE (CB)
WdgMtb: ACCESS DelRadius@Dr0@ROUND is invisible (UI)
WdgMtb: ACCESS Conic@ROUND is AVAILABLE (CB)
WdgMtb: ACCESS roundflip@ROUND is unavailable (CB)
WdgMtb: ACCESS AddRadius@Dr0@ROUND is AVAILABLE (CB)
WdgMtb: ACCESS DelRadius@Dr0@ROUND is invisible (UI)
WdgMtb: ACCESS Conic@ROUND is AVAILABLE (CB)
WdgMtb: ACCESS roundflip@ROUND is unavailable (CB)
WdgMtb: ACCESS AddRadius@Dr0@ROUND is AVAILABLE (CB)
WdgMtb: ACCESS DelRadius@Dr0@ROUND is invisible (UI)
WdgMtb: ACCESS Conic@ROUND is AVAILABLE (CB)
WdgMtb: ACCESS roundflip@ROUND is unavailable (CB)
WdgMtb: ACCESS AddRadius@Dr0@ROUND is AVAILABLE (CB)
WdgMtb: ACCESS DelRadius@Dr0@ROUND is invisible (UI)
WdgMtb: ACCESS Conic@ROUND is AVAILABLE (CB)
WdgMtb: ACCESS roundflip@ROUND is unavailable (CB)
WdgMtb: ACCESS AddRadius@Dr0@ROUND is AVAILABLE (CB)
WdgMtb: ACCESS DelRadius@Dr0@ROUND is invisible (UI)
WdgMtb: ACCESS Conic@ROUND is AVAILABLE (CB)
WdgMtb: ACCESS roundflip@ROUND is unavailable (CB)
WdgMtb: ACCESS AddRadius@Dr0@ROUND is AVAILABLE (CB)
WdgMtb: ACCESS DelRadius@Dr0@ROUND is invisible (UI)
WdgMtb: ACCESS Conic@ROUND is AVAILABLE (CB)
WdgMtb: ACCESS roundflip@ROUND is unavailable (CB)
WdgMtb: ACCESS AddRadius@Dr0@ROUND is AVAILABLE (CB)
WdgMtb: ACCESS DelRadius@Dr0@ROUND is invisible (UI)
WdgMtb: ACCESS Conic@ROUND is AVAILABLE (CB)
WdgMtb: ACCESS roundflip@ROUND is unavailable (CB)
WdgMtb: ACCESS AddRadius@Dr0@ROUND is AVAILABLE (CB)
WdgMtb: ACCESS DelRadius@Dr0@ROUND is invisible (UI)
WdgMtb: ACCESS Conic@ROUND is AVAILABLE (CB)
WdgMtb: ACCESS roundflip@ROUND is unavailable (CB)
WdgMtb: ACCESS AddRadius@Dr0@ROUND is AVAILABLE (CB)
WdgMtb: ACCESS DelRadius@Dr0@ROUND is invisible (UI)
WdgMtb: ACCESS Conic@ROUND is AVAILABLE (CB)
WdgMtb: ACCESS roundflip@ROUND is unavailable (CB)
WdgMtb: ACCESS AddRadius@Dr0@ROUND is AVAILABLE (CB)
WdgMtb: ACCESS DelRadius@Dr0@ROUND is invisible (UI)
WdgMtb: ACCESS Conic@ROUND is AVAILABLE (CB)
WdgMtb: ACCESS roundflip@ROUND is unavailable (CB)
WdgMtb: ACCESS AddRadius@Dr0@ROUND is AVAILABLE (CB)
WdgMtb: ACCESS DelRadius@Dr0@ROUND is invisible (UI)
WdgMtb: ACCESS Conic@ROUND is AVAILABLE (CB)
WdgMtb: ACCESS roundflip@ROUND is unavailable (CB)
WdgMtb: ACCESS AddRadius@Dr0@ROUND is AVAILABLE (CB)
WdgMtb: ACCESS DelRadius@Dr0@ROUND is invisible (UI)
WdgMtb: ACCESS Conic@ROUND is AVAILABLE (CB)
WdgMtb: ACCESS roundflip@ROUND is unavailable (CB)
WdgMtb: ACCESS AddRadius@Dr0@ROUND is AVAILABLE (CB)
WdgMtb: ACCESS DelRadius@Dr0@ROUND is invisible (UI)
WdgMtb: ACCESS Conic@ROUND is AVAILABLE (CB)
WdgMtb: ACCESS roundflip@ROUND is unavailable (CB)
WdgMtb: ACCESS AddRadius@Dr0@ROUND is AVAILABLE (CB)
WdgMtb: ACCESS DelRadius@Dr0@ROUND is invisible (UI)
WdgMtb: ACCESS Conic@ROUND is AVAILABLE (CB)
WdgMtb: ACCESS roundflip@ROUND is unavailable (CB)
WdgMtb: ACCESS AddRadius@Dr0@ROUND is AVAILABLE (CB)
WdgMtb: ACCESS DelRadius@Dr0@ROUND is invisible (UI)
WdgMtb: ACCESS Conic@ROUND is AVAILABLE (CB)
WdgMtb: ACCESS roundflip@ROUND is unavailable (CB)
WdgMtb: ACCESS AddRadius@Dr0@ROUND is AVAILABLE (CB)
WdgMtb: ACCESS DelRadius@Dr0@ROUND is invisible (UI)
WdgMtb: ACCESS Conic@ROUND is AVAILABLE (CB)
WdgMtb: ACCESS Conic@ROUND is AVAILABLE (CB)
WdgMtb: ACCESS roundflip@ROUND is unavailable (CB)
WdgMtb: ACCESS AddRadius@Dr0@ROUND is AVAILABLE (CB)
WdgMtb: ACCESS DelRadius@Dr0@ROUND is invisible (UI)
WdgMtb: ACCESS Conic@ROUND is AVAILABLE (CB)
WdgMtb: ACCESS roundflip@ROUND is unavailable (CB)
WdgMtb: ACCESS AddRadius@Dr0@ROUND is AVAILABLE (CB)
WdgMtb: ACCESS DelRadius@Dr0@ROUND is invisible (UI)
WdgMtb: ACCESS Conic@ROUND is AVAILABLE (CB)
WdgMtb: ACCESS roundflip@ROUND is unavailable (CB)
WdgMtb: ACCESS AddRadius@Dr0@ROUND is AVAILABLE (CB)
WdgMtb: ACCESS DelRadius@Dr0@ROUND is invisible (UI)
WdgMtb: ACCESS Conic@ROUND is AVAILABLE (CB)
WdgMtb: ACCESS Conic@ROUND is AVAILABLE (CB)
WdgMtb: ACCESS roundflip@ROUND is unavailable (CB)
WdgMtb: ACCESS AddRadius@Dr0@ROUND is AVAILABLE (CB)
WdgMtb: ACCESS DelRadius@Dr0@ROUND is invisible (UI)
WdgMtb: ACCESS Conic@ROUND is AVAILABLE (CB)
WdgMtb: ACCESS roundflip@ROUND is unavailable (CB)
WdgMtb: ACCESS AddRadius@Dr0@ROUND is AVAILABLE (CB)
WdgMtb: ACCESS DelRadius@Dr0@ROUND is invisible (UI)
WdgMtb: ACCESS Conic@ROUND is AVAILABLE (CB)
WdgMtb: ACCESS roundflip@ROUND is unavailable (CB)
WdgMtb: ACCESS AddRadius@Dr0@ROUND is AVAILABLE (CB)
WdgMtb: ACCESS DelRadius@Dr0@ROUND is invisible (UI)
WdgMtb: ACCESS Conic@ROUND is AVAILABLE (CB)
WdgMtb: ACCESS roundflip@ROUND is unavailable (CB)
WdgMtb: ACCESS AddRadius@Dr0@ROUND is AVAILABLE (CB)
WdgMtb: ACCESS DelRadius@Dr0@ROUND is invisible (UI)
WdgMtb: ACCESS Conic@ROUND is AVAILABLE (CB)
WdgMtb: ACCESS Conic@ROUND is AVAILABLE (CB)
WdgMtb: ACCESS roundflip@ROUND is unavailable (CB)
WdgMtb: ACCESS AddRadius@Dr0@ROUND is AVAILABLE (CB)
WdgMtb: ACCESS DelRadius@Dr0@ROUND is invisible (UI)
WdgMtb: ACCESS Conic@ROUND is AVAILABLE (CB)
WdgMtb: ACCESS roundflip@ROUND is unavailable (CB)
WdgMtb: ACCESS AddRadius@Dr0@ROUND is AVAILABLE (CB)
WdgMtb: ACCESS DelRadius@Dr0@ROUND is invisible (UI)
WdgMtb: ACCESS Conic@ROUND is AVAILABLE (CB)
WdgMtb: ACCESS roundflip@ROUND is unavailable (CB)
WdgMtb: ACCESS AddRadius@Dr0@ROUND is AVAILABLE (CB)
WdgMtb: ACCESS DelRadius@Dr0@ROUND is invisible (UI)
WdgMtb: ACCESS Conic@ROUND is AVAILABLE (CB)
WdgMtb: ACCESS Conic@ROUND is AVAILABLE (CB)
WdgMtb: ACCESS roundflip@ROUND is unavailable (CB)
WdgMtb: ACCESS AddRadius@Dr0@ROUND is AVAILABLE (CB)
WdgMtb: ACCESS DelRadius@Dr0@ROUND is invisible (UI)
WdgMtb: ACCESS Conic@ROUND is AVAILABLE (CB)
WdgMtb: ACCESS roundflip@ROUND is unavailable (CB)
WdgMtb: ACCESS AddRadius@Dr0@ROUND is AVAILABLE (CB)
WdgMtb: ACCESS DelRadius@Dr0@ROUND is invisible (UI)
WdgMtb: ACCESS Conic@ROUND is AVAILABLE (CB)
WdgMtb: ACCESS roundflip@ROUND is unavailable (CB)
WdgMtb: ACCESS AddRadius@Dr0@ROUND is AVAILABLE (CB)
WdgMtb: ACCESS DelRadius@Dr0@ROUND is invisible (UI)
WdgMtb: ACCESS Conic@ROUND is AVAILABLE (CB)
WdgMtb: ACCESS Conic@ROUND is AVAILABLE (CB)
WdgMtb: ACCESS roundflip@ROUND is unavailable (CB)
WdgMtb: ACCESS AddRadius@Dr0@ROUND is AVAILABLE (CB)
WdgMtb: ACCESS DelRadius@Dr0@ROUND is invisible (UI)
WdgMtb: ACCESS Conic@ROUND is AVAILABLE (CB)
WdgMtb: ACCESS roundflip@ROUND is unavailable (CB)
WdgMtb: ACCESS AddRadius@Dr0@ROUND is AVAILABLE (CB)
WdgMtb: ACCESS DelRadius@Dr0@ROUND is invisible (UI)
WdgMtb: ACCESS Conic@ROUND is AVAILABLE (CB)
WdgMtb: ACCESS Conic@ROUND is AVAILABLE (CB)
WdgMtb: ACCESS Conic@ROUND is AVAILABLE (CB)
WdgMtb: ACCESS Conic@ROUND is AVAILABLE (CB)
WdgMtb: ACCESS roundflip@ROUND is unavailable (CB)
WdgMtb: ACCESS AddRadius@Dr0@ROUND is AVAILABLE (CB)
WdgMtb: ACCESS DelRadius@Dr0@ROUND is invisible (UI)
WdgMtb: ACCESS Conic@ROUND is AVAILABLE (CB)
WdgMtb: ACCESS roundflip@ROUND is unavailable (CB)
WdgMtb: ACCESS AddRadius@Dr0@ROUND is AVAILABLE (CB)
WdgMtb: ACCESS DelRadius@Dr0@ROUND is invisible (UI)
WdgMtb: ACCESS Conic@ROUND is AVAILABLE (CB)
WdgMtb: ACCESS roundflip@ROUND is unavailable (CB)
WdgMtb: ACCESS AddRadius@Dr0@ROUND is AVAILABLE (CB)
WdgMtb: ACCESS DelRadius@Dr0@ROUND is invisible (UI)
WdgMtb: ACCESS Conic@ROUND is AVAILABLE (CB)
WdgMtb: ACCESS Conic@ROUND is AVAILABLE (CB)
WdgMtb: ACCESS roundflip@ROUND is unavailable (CB)
WdgMtb: ACCESS AddRadius@Dr0@ROUND is AVAILABLE (CB)
WdgMtb: ACCESS DelRadius@Dr0@ROUND is invisible (UI)
WdgMtb: ACCESS Conic@ROUND is AVAILABLE (CB)
WdgMtb: ACCESS roundflip@ROUND is unavailable (CB)
WdgMtb: ACCESS AddRadius@Dr0@ROUND is AVAILABLE (CB)
WdgMtb: ACCESS DelRadius@Dr0@ROUND is invisible (UI)
WdgMtb: ACCESS Conic@ROUND is AVAILABLE (CB)
WdgMtb: ACCESS roundflip@ROUND is unavailable (CB)
WdgMtb: ACCESS AddRadius@Dr0@ROUND is AVAILABLE (CB)
WdgMtb: ACCESS DelRadius@Dr0@ROUND is invisible (UI)
WdgMtb: ACCESS Conic@ROUND is AVAILABLE (CB)
WdgMtb: ACCESS roundflip@ROUND is unavailable (CB)
WdgMtb: ACCESS AddRadius@Dr0@ROUND is AVAILABLE (CB)
WdgMtb: ACCESS DelRadius@Dr0@ROUND is invisible (UI)
WdgMtb: ACCESS Conic@ROUND is AVAILABLE (CB)
WdgMtb: ACCESS roundflip@ROUND is unavailable (CB)
WdgMtb: ACCESS AddRadius@Dr0@ROUND is AVAILABLE (CB)
WdgMtb: ACCESS DelRadius@Dr0@ROUND is invisible (UI)
WdgMtb: ACCESS Conic@ROUND is AVAILABLE (CB)
WdgMtb: ACCESS Conic@ROUND is AVAILABLE (CB)
WdgMtb: ACCESS Conic@ROUND is AVAILABLE (CB)
WdgMtb: ACCESS roundflip@ROUND is unavailable (CB)
WdgMtb: ACCESS AddRadius@Dr0@ROUND is AVAILABLE (CB)
WdgMtb: ACCESS DelRadius@Dr0@ROUND is invisible (UI)
WdgMtb: ACCESS Conic@ROUND is AVAILABLE (CB)
WdgMtb: ACCESS roundflip@ROUND is unavailable (CB)
WdgMtb: ACCESS AddRadius@Dr0@ROUND is AVAILABLE (CB)
WdgMtb: ACCESS DelRadius@Dr0@ROUND is invisible (UI)
WdgMtb: ACCESS Conic@ROUND is AVAILABLE (CB)
WdgMtb: ACCESS roundflip@ROUND is unavailable (CB)
WdgMtb: ACCESS AddRadius@Dr0@ROUND is AVAILABLE (CB)
WdgMtb: ACCESS DelRadius@Dr0@ROUND is invisible (UI)
WdgMtb: ACCESS Conic@ROUND is AVAILABLE (CB)
WdgMtb: ACCESS roundflip@ROUND is unavailable (CB)
WdgMtb: ACCESS AddRadius@Dr0@ROUND is AVAILABLE (CB)
WdgMtb: ACCESS DelRadius@Dr0@ROUND is invisible (UI)
WdgMtb: ACCESS Conic@ROUND is AVAILABLE (CB)
WdgMtb: ACCESS roundflip@ROUND is unavailable (CB)
WdgMtb: ACCESS AddRadius@Dr0@ROUND is AVAILABLE (CB)
WdgMtb: ACCESS DelRadius@Dr0@ROUND is invisible (UI)
WdgMtb: ACCESS Conic@ROUND is AVAILABLE (CB)
WdgMtb: ACCESS roundflip@ROUND is unavailable (CB)
WdgMtb: ACCESS AddRadius@Dr0@ROUND is AVAILABLE (CB)
WdgMtb: ACCESS DelRadius@Dr0@ROUND is invisible (UI)
WdgMtb: ACCESS Conic@ROUND is AVAILABLE (CB)
WdgMtb: ACCESS Conic@ROUND is AVAILABLE (CB)
WdgMtb: ACCESS Conic@ROUND is AVAILABLE (CB)
WdgMtb: ACCESS Conic@ROUND is AVAILABLE (CB)
WdgMtb: ACCESS roundflip@ROUND is unavailable (CB)
WdgMtb: ACCESS AddRadius@Dr0@ROUND is AVAILABLE (CB)
WdgMtb: ACCESS DelRadius@Dr0@ROUND is invisible (UI)
WdgMtb: ACCESS Conic@ROUND is AVAILABLE (CB)
WdgMtb: ACCESS roundflip@ROUND is unavailable (CB)
WdgMtb: ACCESS AddRadius@Dr0@ROUND is AVAILABLE (CB)
WdgMtb: ACCESS DelRadius@Dr0@ROUND is invisible (UI)
WdgMtb: ACCESS Conic@ROUND is AVAILABLE (CB)
WdgMtb: ACCESS roundflip@ROUND is unavailable (CB)
WdgMtb: ACCESS AddRadius@Dr0@ROUND is AVAILABLE (CB)
WdgMtb: ACCESS DelRadius@Dr0@ROUND is invisible (UI)
WdgMtb: ACCESS Conic@ROUND is AVAILABLE (CB)
WdgMtb: ACCESS roundflip@ROUND is unavailable (CB)
WdgMtb: ACCESS AddRadius@Dr0@ROUND is AVAILABLE (CB)
WdgMtb: ACCESS DelRadius@Dr0@ROUND is invisible (UI)
WdgMtb: ACCESS Conic@ROUND is AVAILABLE (CB)
WdgMtb: ACCESS roundflip@ROUND is unavailable (CB)
WdgMtb: ACCESS AddRadius@Dr0@ROUND is AVAILABLE (CB)
WdgMtb: ACCESS DelRadius@Dr0@ROUND is invisible (UI)
WdgMtb: ACCESS Conic@ROUND is AVAILABLE (CB)
WdgMtb: ACCESS roundflip@ROUND is unavailable (CB)
WdgMtb: ACCESS AddRadius@Dr0@ROUND is AVAILABLE (CB)
WdgMtb: ACCESS DelRadius@Dr0@ROUND is invisible (UI)
WdgMtb: ACCESS ui_hle_light_wt_cbut@HOLE is AVAILABLE (CB)
WdgMtb: ACCESS HlemnuDepthToFlip@HoleDepRefRMBMenu@HOLE is AVAILABLE (CB)
WdgMtb: ACCESS ui_hole_plcmnt_type_omnu@HOLE is AVAILABLE (CB)
WdgMtb: ACCESS ui_hole_plcmnt_type_omnu@HOLE is AVAILABLE (CB)
WdgMtb: ACCESS ui_hole_plc_dir_omnu@ui_hole_plc_dir_opt_omnu@HOLE is unavailable (CB)
WdgMtb: ACCESS ui_hole_plc_dir_omnu@ui_hole_plc_dir_opt_omnu@HOLE is unavailable (CB)
WdgMtb: ACCESS ui_hole_plcmnt_type_omnu@HOLE is AVAILABLE (CB)
WdgMtb: ACCESS ui_hole_plc_dir_omnu@ui_hole_plc_dir_opt_omnu@HOLE is unavailable (CB)
WdgMtb: ACCESS ui_hole_plcmnt_type_omnu@HOLE is AVAILABLE (CB)
WdgMtb: ACCESS ui_hole_plcmnt_type_omnu@HOLE is AVAILABLE (CB)
WdgMtb: ACCESS ui_hole_plc_dir_omnu@ui_hole_plc_dir_opt_omnu@HOLE is unavailable (CB)
WdgMtb: ACCESS ui_hole_plc_dir_omnu@ui_hole_plc_dir_opt_omnu@HOLE is unavailable (CB)
WdgMtb: ACCESS ui_hle_top_clrn_cbut@ui_hole_top_clrn_rep@HOLE is AVAILABLE (CB)
WdgMtb: ACCESS ui_hle_light_wt_cbut@HOLE is AVAILABLE (CB)
WdgMtb: ACCESS HlemnuDepthToFlip@HoleDepRefRMBMenu@HOLE is AVAILABLE (CB)
WdgMtb: ACCESS ui_hole_plcmnt_type_omnu@HOLE is AVAILABLE (CB)
WdgMtb: ACCESS ui_hole_plc_dir_omnu@ui_hole_plc_dir_opt_omnu@HOLE is unavailable (CB)
WdgMtb: ACCESS ui_hle_top_clrn_cbut@ui_hole_top_clrn_rep@HOLE is AVAILABLE (CB)
WdgMtb: ACCESS ui_hle_light_wt_cbut@HOLE is AVAILABLE (CB)
WdgMtb: ACCESS HlemnuDepthToFlip@HoleDepRefRMBMenu@HOLE is AVAILABLE (CB)
WdgMtb: ACCESS ui_hole_plcmnt_type_omnu@HOLE is AVAILABLE (CB)
WdgMtb: ACCESS ui_hole_plc_dir_omnu@ui_hole_plc_dir_opt_omnu@HOLE is unavailable (CB)
WdgMtb: ACCESS ui_hle_top_clrn_cbut@ui_hole_top_clrn_rep@HOLE is AVAILABLE (CB)
WdgMtb: ACCESS ui_hle_light_wt_cbut@HOLE is AVAILABLE (CB)
WdgMtb: ACCESS HlemnuDepthToFlip@HoleDepRefRMBMenu@HOLE is AVAILABLE (CB)
WdgMtb: ACCESS ui_hole_plcmnt_type_omnu@HOLE is AVAILABLE (CB)
WdgMtb: ACCESS ui_hole_plc_dir_omnu@ui_hole_plc_dir_opt_omnu@HOLE is unavailable (CB)
WdgMtb: ACCESS ui_hle_top_clrn_cbut@ui_hole_top_clrn_rep@HOLE is AVAILABLE (CB)
WdgMtb: ACCESS ui_hle_light_wt_cbut@HOLE is AVAILABLE (CB)
WdgMtb: ACCESS HlemnuDepthToFlip@HoleDepRefRMBMenu@HOLE is AVAILABLE (CB)
WdgMtb: ACCESS ui_hole_plcmnt_type_omnu@HOLE is AVAILABLE (CB)
WdgMtb: ACCESS ui_hole_plc_dir_omnu@ui_hole_plc_dir_opt_omnu@HOLE is unavailable (CB)
WdgMtb: ACCESS ui_hle_top_clrn_cbut@ui_hole_top_clrn_rep@HOLE is AVAILABLE (CB)
WdgMtb: ACCESS ui_hle_light_wt_cbut@HOLE is AVAILABLE (CB)
WdgMtb: ACCESS HlemnuDepthToFlip@HoleDepRefRMBMenu@HOLE is AVAILABLE (CB)
WdgMtb: ACCESS ui_hole_plcmnt_type_omnu@HOLE is AVAILABLE (CB)
WdgMtb: ACCESS ui_hole_plc_dir_omnu@ui_hole_plc_dir_opt_omnu@HOLE is unavailable (CB)
WdgMtb: ACCESS ui_hle_top_clrn_cbut@ui_hole_top_clrn_rep@HOLE is AVAILABLE (CB)
WdgMtb: ACCESS ui_hle_light_wt_cbut@HOLE is AVAILABLE (CB)
WdgMtb: ACCESS HlemnuDepthToFlip@HoleDepRefRMBMenu@HOLE is AVAILABLE (CB)
WdgMtb: ACCESS ui_hole_plcmnt_type_omnu@HOLE is AVAILABLE (CB)
WdgMtb: ACCESS ui_hole_plc_dir_omnu@ui_hole_plc_dir_opt_omnu@HOLE is unavailable (CB)
WdgMtb: ACCESS ui_hle_top_clrn_cbut@ui_hole_top_clrn_rep@HOLE is AVAILABLE (CB)
WdgMtb: ACCESS ui_hole_plcmnt_type_omnu@HOLE is invisible (UI)
WdgMtb: ACCESS ui_pat_type@PATTERNHEAD is AVAILABLE (CB)
WdgMtb: ACCESS DefineRmbBtn@ui_pat_dim_menu@PATTERNHEAD is AVAILABLE (CB)
WdgMtb: ACCESS SketchRmbBtn@ui_pat_dim_menu@PATTERNHEAD is invisible (UI)
WdgMtb: ACCESS ui_pat_type@PATTERNHEAD is AVAILABLE (CB)
WdgMtb: ACCESS DefineRmbBtn@ui_pat_dim_menu@PATTERNHEAD is AVAILABLE (CB)
WdgMtb: ACCESS SketchRmbBtn@ui_pat_dim_menu@PATTERNHEAD is invisible (UI)
WdgMtb: ACCESS ui_pat_type@PATTERNHEAD is AVAILABLE (CB)
WdgMtb: ACCESS DefineRmbBtn@ui_pat_dim_menu@PATTERNHEAD is AVAILABLE (CB)
WdgMtb: ACCESS SketchRmbBtn@ui_pat_dim_menu@PATTERNHEAD is invisible (UI)
WdgMtb: ACCESS ui_pat_type@PATTERNHEAD is AVAILABLE (CB)
WdgMtb: ACCESS DefineRmbBtn@ui_pat_dim_menu@PATTERNHEAD is AVAILABLE (CB)
WdgMtb: ACCESS SketchRmbBtn@ui_pat_dim_menu@PATTERNHEAD is invisible (UI)
WdgMtb: ACCESS ui_pat_type@PATTERNHEAD is AVAILABLE (CB)
WdgMtb: ACCESS DefineRmbBtn@ui_pat_dim_menu@PATTERNHEAD is AVAILABLE (CB)
WdgMtb: ACCESS SketchRmbBtn@ui_pat_dim_menu@PATTERNHEAD is invisible (UI)
WdgMtb: ACCESS ui_pat_type@PATTERNHEAD is AVAILABLE (CB)
WdgMtb: ACCESS DefineRmbBtn@ui_pat_dim_menu@PATTERNHEAD is invisible (UI)
WdgMtb: ACCESS SketchRmbBtn@ui_pat_dim_menu@PATTERNHEAD is invisible (UI)
WdgMtb: ACCESS ui_pat_type@PATTERNHEAD is AVAILABLE (CB)
WdgMtb: ACCESS DefineRmbBtn@ui_pat_dim_menu@PATTERNHEAD is invisible (UI)
WdgMtb: ACCESS SketchRmbBtn@ui_pat_dim_menu@PATTERNHEAD is invisible (UI)
WdgMtb: ACCESS ui_pat_type@PATTERNHEAD is AVAILABLE (CB)
WdgMtb: ACCESS DefineRmbBtn@ui_pat_dim_menu@PATTERNHEAD is invisible (UI)
WdgMtb: ACCESS SketchRmbBtn@ui_pat_dim_menu@PATTERNHEAD is invisible (UI)
WdgMtb: ACCESS ui_pat_type@PATTERNHEAD is AVAILABLE (CB)
WdgMtb: ACCESS DefineRmbBtn@ui_pat_dim_menu@PATTERNHEAD is invisible (UI)
WdgMtb: ACCESS SketchRmbBtn@ui_pat_dim_menu@PATTERNHEAD is invisible (UI)
WdgMtb: ACCESS ui_pat_type@PATTERNHEAD is AVAILABLE (CB)
WdgMtb: ACCESS DefineRmbBtn@ui_pat_dim_menu@PATTERNHEAD is invisible (UI)
WdgMtb: ACCESS SketchRmbBtn@ui_pat_dim_menu@PATTERNHEAD is invisible (UI)
WdgMtb: ACCESS ui_pat_type@PATTERNHEAD is AVAILABLE (CB)
WdgMtb: ACCESS DefineRmbBtn@ui_pat_dim_menu@PATTERNHEAD is invisible (UI)
WdgMtb: ACCESS SketchRmbBtn@ui_pat_dim_menu@PATTERNHEAD is invisible (UI)
WdgMtb: ACCESS ui_pat_type@PATTERNHEAD is AVAILABLE (CB)
WdgMtb: ACCESS DefineRmbBtn@ui_pat_dim_menu@PATTERNHEAD is invisible (UI)
WdgMtb: ACCESS SketchRmbBtn@ui_pat_dim_menu@PATTERNHEAD is invisible (UI)
WdgMtb: ACCESS ui_pat_type@PATTERNHEAD is AVAILABLE (CB)
WdgMtb: ACCESS DefineRmbBtn@ui_pat_dim_menu@PATTERNHEAD is invisible (UI)
WdgMtb: ACCESS SketchRmbBtn@ui_pat_dim_menu@PATTERNHEAD is invisible (UI)
WdgMtb: ACCESS ui_pat_type@PATTERNHEAD is AVAILABLE (CB)
WdgMtb: ACCESS DefineRmbBtn@ui_pat_dim_menu@PATTERNHEAD is invisible (UI)
WdgMtb: ACCESS SketchRmbBtn@ui_pat_dim_menu@PATTERNHEAD is invisible (UI)
WdgMtb: ACCESS ui_pat_type@PATTERNHEAD is AVAILABLE (CB)
WdgMtb: ACCESS DefineRmbBtn@ui_pat_dim_menu@PATTERNHEAD is invisible (UI)
WdgMtb: ACCESS SketchRmbBtn@ui_pat_dim_menu@PATTERNHEAD is invisible (UI)
WdgMtb: ACCESS ui_pat_type@PATTERNHEAD is AVAILABLE (CB)
WdgMtb: ACCESS ui_pat_type@PATTERNHEAD is AVAILABLE (CB)
WdgMtb: ACCESS ui_pat_type@PATTERNHEAD is AVAILABLE (CB)
WdgMtb: ACCESS ui_pat_type@PATTERNHEAD is AVAILABLE (CB)
WdgMtb: ACCESS DefineRmbBtn@ui_pat_dim_menu@PATTERNHEAD is invisible (UI)
WdgMtb: ACCESS SketchRmbBtn@ui_pat_dim_menu@PATTERNHEAD is invisible (UI)
WdgMtb: ACCESS ui_pat_type@PATTERNHEAD is AVAILABLE (CB)
WdgMtb: ACCESS DefineRmbBtn@ui_pat_dim_menu@PATTERNHEAD is invisible (UI)
WdgMtb: ACCESS SketchRmbBtn@ui_pat_dim_menu@PATTERNHEAD is invisible (UI)
WdgMtb: ACCESS ui_pat_type@PATTERNHEAD is AVAILABLE (CB)
WdgMtb: ACCESS DefineRmbBtn@ui_pat_dim_menu@PATTERNHEAD is invisible (UI)
WdgMtb: ACCESS SketchRmbBtn@ui_pat_dim_menu@PATTERNHEAD is invisible (UI)
WdgMtb: ACCESS ui_pat_type@PATTERNHEAD is AVAILABLE (CB)
WdgMtb: ACCESS DefineRmbBtn@ui_pat_dim_menu@PATTERNHEAD is invisible (UI)
WdgMtb: ACCESS SketchRmbBtn@ui_pat_dim_menu@PATTERNHEAD is invisible (UI)
WdgMtb: ACCESS ui_pat_type@PATTERNHEAD is AVAILABLE (CB)
WdgMtb: ACCESS DefineRmbBtn@ui_pat_dim_menu@PATTERNHEAD is invisible (UI)
WdgMtb: ACCESS SketchRmbBtn@ui_pat_dim_menu@PATTERNHEAD is invisible (UI)
WdgMtb: ACCESS ui_pat_type@PATTERNHEAD is AVAILABLE (CB)
WdgMtb: ACCESS DefineRmbBtn@ui_pat_dim_menu@PATTERNHEAD is invisible (UI)
WdgMtb: ACCESS SketchRmbBtn@ui_pat_dim_menu@PATTERNHEAD is invisible (UI)
WdgMtb: ACCESS ui_pat_type@PATTERNHEAD is AVAILABLE (CB)
WdgMtb: ACCESS DefineRmbBtn@ui_pat_dim_menu@PATTERNHEAD is invisible (UI)
WdgMtb: ACCESS SketchRmbBtn@ui_pat_dim_menu@PATTERNHEAD is invisible (UI)
WdgMtb: ACCESS ui_pat_type@PATTERNHEAD is AVAILABLE (CB)
WdgMtb: ACCESS DefineRmbBtn@ui_pat_dim_menu@PATTERNHEAD is invisible (UI)
WdgMtb: ACCESS SketchRmbBtn@ui_pat_dim_menu@PATTERNHEAD is invisible (UI)
WdgMtb: ACCESS ui_pat_type@PATTERNHEAD is AVAILABLE (CB)
WdgMtb: ACCESS DefineRmbBtn@ui_pat_dim_menu@PATTERNHEAD is invisible (UI)
WdgMtb: ACCESS SketchRmbBtn@ui_pat_dim_menu@PATTERNHEAD is invisible (UI)
WdgMtb: ACCESS ui_pat_type@PATTERNHEAD is AVAILABLE (CB)
WdgMtb: ACCESS DefineRmbBtn@ui_pat_dim_menu@PATTERNHEAD is invisible (UI)
WdgMtb: ACCESS SketchRmbBtn@ui_pat_dim_menu@PATTERNHEAD is invisible (UI)
WdgMtb: ACCESS ui_pat_type@PATTERNHEAD is AVAILABLE (CB)
WdgMtb: ACCESS DefineRmbBtn@ui_pat_dim_menu@PATTERNHEAD is invisible (UI)
WdgMtb: ACCESS SketchRmbBtn@ui_pat_dim_menu@PATTERNHEAD is invisible (UI)
WdgMtb: ACCESS ui_pat_type@PATTERNHEAD is AVAILABLE (CB)
WdgMtb: ACCESS DefineRmbBtn@ui_pat_dim_menu@PATTERNHEAD is invisible (UI)
WdgMtb: ACCESS SketchRmbBtn@ui_pat_dim_menu@PATTERNHEAD is invisible (UI)
WdgMtb: ACCESS ui_pat_type@PATTERNHEAD is AVAILABLE (CB)
WdgMtb: ACCESS DefineRmbBtn@ui_pat_dim_menu@PATTERNHEAD is invisible (UI)
WdgMtb: ACCESS SketchRmbBtn@ui_pat_dim_menu@PATTERNHEAD is invisible (UI)
WdgMtb: ACCESS ui_pat_type@PATTERNHEAD is AVAILABLE (CB)
WdgMtb: ACCESS DefineRmbBtn@ui_pat_dim_menu@PATTERNHEAD is invisible (UI)
WdgMtb: ACCESS SketchRmbBtn@ui_pat_dim_menu@PATTERNHEAD is invisible (UI)
WdgMtb: ACCESS ui_pat_type@PATTERNHEAD is AVAILABLE (CB)
WdgMtb: ACCESS DefineRmbBtn@ui_pat_dim_menu@PATTERNHEAD is invisible (UI)
WdgMtb: ACCESS SketchRmbBtn@ui_pat_dim_menu@PATTERNHEAD is invisible (UI)
WdgMtb: ACCESS ui_pat_type@PATTERNHEAD is AVAILABLE (CB)
WdgMtb: ACCESS DefineRmbBtn@ui_pat_dim_menu@PATTERNHEAD is invisible (UI)
WdgMtb: ACCESS SketchRmbBtn@ui_pat_dim_menu@PATTERNHEAD is invisible (UI)
WdgMtb: ACCESS ui_pat_type@PATTERNHEAD is AVAILABLE (CB)
WdgMtb: ACCESS DefineRmbBtn@ui_pat_dim_menu@PATTERNHEAD is invisible (UI)
WdgMtb: ACCESS SketchRmbBtn@ui_pat_dim_menu@PATTERNHEAD is invisible (UI)
WdgMtb: ACCESS ui_pat_type@PATTERNHEAD is AVAILABLE (CB)
WdgMtb: ACCESS DefineRmbBtn@ui_pat_dim_menu@PATTERNHEAD is invisible (UI)
WdgMtb: ACCESS SketchRmbBtn@ui_pat_dim_menu@PATTERNHEAD is invisible (UI)
WdgMtb: ACCESS ui_pat_type@PATTERNHEAD is AVAILABLE (CB)
WdgMtb: ACCESS DefineRmbBtn@ui_pat_dim_menu@PATTERNHEAD is invisible (UI)
WdgMtb: ACCESS SketchRmbBtn@ui_pat_dim_menu@PATTERNHEAD is invisible (UI)
WdgMtb: ACCESS ui_pat_type@PATTERNHEAD is AVAILABLE (CB)
WdgMtb: ACCESS DefineRmbBtn@ui_pat_dim_menu@PATTERNHEAD is invisible (UI)
WdgMtb: ACCESS SketchRmbBtn@ui_pat_dim_menu@PATTERNHEAD is invisible (UI)
WdgMtb: ACCESS ui_pat_type@PATTERNHEAD is AVAILABLE (CB)
WdgMtb: ACCESS DefineRmbBtn@ui_pat_dim_menu@PATTERNHEAD is invisible (UI)
WdgMtb: ACCESS SketchRmbBtn@ui_pat_dim_menu@PATTERNHEAD is invisible (UI)
WdgMtb: ACCESS ui_pat_type@PATTERNHEAD is AVAILABLE (CB)
WdgMtb: ACCESS DefineRmbBtn@ui_pat_dim_menu@PATTERNHEAD is invisible (UI)
WdgMtb: ACCESS SketchRmbBtn@ui_pat_dim_menu@PATTERNHEAD is invisible (UI)
WdgMtb: ACCESS Conic@ROUND is AVAILABLE (CB)
WdgMtb: ACCESS Conic@ROUND is AVAILABLE (CB)
WdgMtb: ACCESS Conic@ROUND is AVAILABLE (CB)
WdgMtb: ACCESS Conic@ROUND is AVAILABLE (CB)
WdgMtb: ACCESS roundflip@ROUND is unavailable (CB)
WdgMtb: ACCESS AddRadius@Dr0@ROUND is AVAILABLE (CB)
WdgMtb: ACCESS DelRadius@Dr0@ROUND is invisible (UI)
WdgMtb: ACCESS Conic@ROUND is AVAILABLE (CB)
WdgMtb: ACCESS roundflip@ROUND is unavailable (CB)
WdgMtb: ACCESS AddRadius@Dr0@ROUND is AVAILABLE (CB)
WdgMtb: ACCESS DelRadius@Dr0@ROUND is invisible (UI)
WdgMtb: ACCESS Conic@ROUND is AVAILABLE (CB)
WdgMtb: ACCESS roundflip@ROUND is unavailable (CB)
WdgMtb: ACCESS AddRadius@Dr0@ROUND is AVAILABLE (CB)
WdgMtb: ACCESS DelRadius@Dr0@ROUND is invisible (UI)
WdgMtb: ACCESS Conic@ROUND is AVAILABLE (CB)
WdgMtb: ACCESS Conic@ROUND is AVAILABLE (CB)
WdgMtb: ACCESS roundflip@ROUND is unavailable (CB)
WdgMtb: ACCESS AddRadius@Dr0@ROUND is AVAILABLE (CB)
WdgMtb: ACCESS DelRadius@Dr0@ROUND is invisible (UI)
WdgMtb: ACCESS Conic@ROUND is AVAILABLE (CB)
WdgMtb: ACCESS roundflip@ROUND is unavailable (CB)
WdgMtb: ACCESS AddRadius@Dr0@ROUND is AVAILABLE (CB)
WdgMtb: ACCESS DelRadius@Dr0@ROUND is invisible (UI)
