Change Component Designator: Old Designator=C12 New Designator=C100
Change Component Designator: Old Designator=C13 New Designator=C101
Change Component Designator: Old Designator=C14 New Designator=C102
Change Component Designator: Old Designator=C15 New Designator=C103
Change Component Designator: Old Designator=C16 New Designator=C104
Change Component Designator: Old Designator=C17 New Designator=C105
Change Component Designator: Old Designator=C18 New Designator=C106
Change Component Designator: Old Designator=C19 New Designator=C107
Change Component Designator: Old Designator=C20 New Designator=C108
Change Component Designator: Old Designator=F1 New Designator=F100
Change Component Designator: Old Designator=F2 New Designator=F101
Change Component Designator: Old Designator=IC5 New Designator=IC100
Change Component Designator: Old Designator=IC5 New Designator=IC100
Change Component Designator: Old Designator=J2 New Designator=J100
Change Component Designator: Old Designator=J3 New Designator=J101
Change Component Designator: Old Designator=L5 New Designator=L100
Change Component Designator: Old Designator=L6 New Designator=L101
Change Component Designator: Old Designator=LED3 New Designator=LED100
Change Component Designator: Old Designator=LED4 New Designator=LED101
Change Component Designator: Old Designator=R5 New Designator=R100
Change Component Designator: Old Designator=R6 New Designator=R101
Change Component Designator: Old Designator=R7 New Designator=R102
Change Component Designator: Old Designator=R8 New Designator=R103
Change Component Designator: Old Designator=R9 New Designator=R104
Change Component Designator: Old Designator=R10 New Designator=R105
Change Component Designator: Old Designator=R11 New Designator=R106
Change Component Designator: Old Designator=R12 New Designator=R107
Change Component Designator: Old Designator=R13 New Designator=R108
Change Component Designator: Old Designator=R14 New Designator=R109
Change Component Designator: Old Designator=R15 New Designator=R110
Change Component Designator: Old Designator=R16 New Designator=R111
